SF:lib/src/models/problem.dart
DA:25,0
DA:26,0
LF:2
LH:0
end_of_record
SF:lib/src/models/problem.g.dart
DA:9,0
DA:10,0
DA:11,0
DA:12,0
DA:13,0
DA:14,0
DA:15,0
DA:16,0
DA:17,0
DA:19,0
DA:20,0
DA:21,0
DA:23,0
DA:24,0
DA:27,0
DA:28,0
DA:29,0
DA:30,0
DA:31,0
DA:32,0
DA:33,0
DA:34,0
DA:35,0
DA:36,0
DA:37,0
DA:38,0
LF:26
LH:0
end_of_record
SF:lib/src/models/problem_revision.dart
DA:18,0
DA:19,0
LF:2
LH:0
end_of_record
SF:lib/src/models/problem_revision.g.dart
DA:9,0
DA:10,0
DA:11,0
DA:12,0
DA:13,0
DA:14,0
DA:17,0
DA:18,0
DA:19,0
DA:20,0
DA:21,0
DA:22,0
LF:12
LH:0
end_of_record
SF:lib/src/models/translated_problem.dart
DA:15,0
DA:16,0
LF:2
LH:0
end_of_record
SF:lib/src/models/translated_problem.g.dart
DA:9,0
DA:10,0
DA:12,0
DA:13,0
LF:4
LH:0
end_of_record
SF:lib/src/shared.dart
DA:6,1
LF:1
LH:1
end_of_record
